<?xml version="1.0" encoding="UTF-8"?>
<!-- Generated by org.testng.reporters.JUnitXMLReporter -->
<testsuite ignored="0" hostname="mayura" failures="1" tests="1" name="Default test" time="0.843" errors="0" timestamp="2025-06-26T10:32:39 IST">
  <testcase classname="io.cucumber.testng.AbstractTestNGCucumberTests" name="runScenario" time="0.154">
    <failure type="io.cucumber.testng.UndefinedStepException" message="The step &amp;apos;I click on PIM menu&amp;apos; and 5 other step(s) are undefined.
You can implement these steps using the snippet(s) below:

@When(&amp;quot;I click on PIM menu&amp;quot;)
public void i_click_on_pim_menu() {
    // Write code here that turns the phrase above into concrete actions
    throw new io.cucumber.java.PendingException();
}
@When(&amp;quot;I click on add employee&amp;quot;)
public void i_click_on_add_employee() {
    // Write code here that turns the phrase above into concrete actions
    throw new io.cucumber.java.PendingException();
}
@When(&amp;quot;I fill the employee form&amp;quot;)
public void i_fill_the_employee_form(io.cucumber.datatable.DataTable dataTable) {
    // Write code here that turns the phrase above into concrete actions
    // For automatic transformation, change DataTable to one of
    // E, List&amp;lt;E&amp;gt;, List&amp;lt;List&amp;lt;E&amp;gt;&amp;gt;, List&amp;lt;Map&amp;lt;K,V&amp;gt;&amp;gt;, Map&amp;lt;K,V&amp;gt; or
    // Map&amp;lt;K, List&amp;lt;V&amp;gt;&amp;gt;. E,K,V must be a String, Integer, Float,
    // Double, Byte, Short, Long, BigInteger or BigDecimal.
    //
    // For other transformations you can register a DataTableType.
    throw new io.cucumber.java.PendingException();
}
@When(&amp;quot;I click on save employee&amp;quot;)
public void i_click_on_save_employee() {
    // Write code here that turns the phrase above into concrete actions
    throw new io.cucumber.java.PendingException();
}
@Then(&amp;quot;I should get the profile name as {string}&amp;quot;)
public void i_should_get_the_profile_name_as(String string) {
    // Write code here that turns the phrase above into concrete actions
    throw new io.cucumber.java.PendingException();
}
@Then(&amp;quot;I should get the personal details form filled with added data&amp;quot;)
public void i_should_get_the_personal_details_form_filled_with_added_data() {
    // Write code here that turns the phrase above into concrete actions
    throw new io.cucumber.java.PendingException();
}
">
      <![CDATA[io.cucumber.testng.UndefinedStepException: The step 'I click on PIM menu' and 5 other step(s) are undefined.
You can implement these steps using the snippet(s) below:

@When("I click on PIM menu")
public void i_click_on_pim_menu() {
    // Write code here that turns the phrase above into concrete actions
    throw new io.cucumber.java.PendingException();
}
@When("I click on add employee")
public void i_click_on_add_employee() {
    // Write code here that turns the phrase above into concrete actions
    throw new io.cucumber.java.PendingException();
}
@When("I fill the employee form")
public void i_fill_the_employee_form(io.cucumber.datatable.DataTable dataTable) {
    // Write code here that turns the phrase above into concrete actions
    // For automatic transformation, change DataTable to one of
    // E, List<E>, List<List<E>>, List<Map<K,V>>, Map<K,V> or
    // Map<K, List<V>>. E,K,V must be a String, Integer, Float,
    // Double, Byte, Short, Long, BigInteger or BigDecimal.
    //
    // For other transformations you can register a DataTableType.
    throw new io.cucumber.java.PendingException();
}
@When("I click on save employee")
public void i_click_on_save_employee() {
    // Write code here that turns the phrase above into concrete actions
    throw new io.cucumber.java.PendingException();
}
@Then("I should get the profile name as {string}")
public void i_should_get_the_profile_name_as(String string) {
    // Write code here that turns the phrase above into concrete actions
    throw new io.cucumber.java.PendingException();
}
@Then("I should get the personal details form filled with added data")
public void i_should_get_the_personal_details_form_filled_with_added_data() {
    // Write code here that turns the phrase above into concrete actions
    throw new io.cucumber.java.PendingException();
}

at ✽.I click on PIM menu(file:///D:/Balaji/Company/Equiniti%20Jun%202025%20Java/automation_workspace/EmployeeManagementBDD/src/test/resources/feature/Employee.feature:12)
]]>
    </failure>
  </testcase> <!-- runScenario -->
</testsuite> <!-- Default test -->
