<?xml version="1.0" encoding="UTF-8"?>
<testng-results ignored="0" total="2" passed="1" failed="1" skipped="0">
  <reporter-output>
  </reporter-output>
  <suite started-at="2025-06-26T09:21:07 IST" name="Default suite" finished-at="2025-06-26T09:21:08 IST" duration-ms="531">
    <groups>
      <group name="cucumber">
        <method signature="AbstractTestNGCucumberTests.runScenario(io.cucumber.testng.PickleWrapper,io.cucumber.testng.FeatureWrapper)[pri:0, instance:com.eq.runner.RunnerTest@7c6908d7]" name="runScenario" class="io.cucumber.testng.AbstractTestNGCucumberTests"/>
      </group> <!-- cucumber -->
    </groups>
    <test started-at="2025-06-26T09:21:07 IST" name="Default test" finished-at="2025-06-26T09:21:08 IST" duration-ms="531">
      <class name="com.eq.runner.RunnerTest">
        <test-method is-config="true" signature="setUpClass(org.testng.ITestContext)[pri:0, instance:com.eq.runner.RunnerTest@7c6908d7]" started-at="2025-06-26T09:21:07 IST" name="setUpClass" finished-at="2025-06-26T09:21:08 IST" duration-ms="295" status="PASS">
          <params>
            <param index="0">
              <value>
                <![CDATA[org.testng.TestRunner@2dca0d64]]>
              </value>
            </param>
          </params>
          <reporter-output>
          </reporter-output>
        </test-method> <!-- setUpClass -->
        <test-method signature="runScenario(io.cucumber.testng.PickleWrapper,io.cucumber.testng.FeatureWrapper)[pri:0, instance:com.eq.runner.RunnerTest@7c6908d7]" started-at="2025-06-26T09:21:08 IST" name="runScenario" description="Runs Cucumber Scenarios" data-provider="scenarios" finished-at="2025-06-26T09:21:08 IST" duration-ms="110" status="PASS">
          <params>
            <param index="0">
              <value>
                <![CDATA["Valid Login"]]>
              </value>
            </param>
            <param index="1">
              <value>
                <![CDATA["Login"]]>
              </value>
            </param>
          </params>
          <reporter-output>
          </reporter-output>
        </test-method> <!-- runScenario -->
        <test-method signature="runScenario(io.cucumber.testng.PickleWrapper,io.cucumber.testng.FeatureWrapper)[pri:0, instance:com.eq.runner.RunnerTest@7c6908d7]" started-at="2025-06-26T09:21:08 IST" name="runScenario" description="Runs Cucumber Scenarios" data-provider="scenarios" finished-at="2025-06-26T09:21:08 IST" duration-ms="43" status="FAIL">
          <params>
            <param index="0">
              <value>
                <![CDATA["Invalid Login"]]>
              </value>
            </param>
            <param index="1">
              <value>
                <![CDATA["Login"]]>
              </value>
            </param>
          </params>
          <exception class="io.cucumber.testng.UndefinedStepException">
            <message>
              <![CDATA[The step 'I open browser with OrangeHRM application' is undefined.
You can implement this step using the snippet(s) below:

@Given("I open browser with OrangeHRM application")
public void i_open_browser_with_orange_hrm_application() {
    // Write code here that turns the phrase above into concrete actions
    throw new io.cucumber.java.PendingException();
}
]]>
            </message>
            <full-stacktrace>
              <![CDATA[io.cucumber.testng.UndefinedStepException: The step 'I open browser with OrangeHRM application' is undefined.
You can implement this step using the snippet(s) below:

@Given("I open browser with OrangeHRM application")
public void i_open_browser_with_orange_hrm_application() {
    // Write code here that turns the phrase above into concrete actions
    throw new io.cucumber.java.PendingException();
}

at ✽.I open browser with OrangeHRM application(file:///D:/Balaji/Company/Equiniti%20Jun%202025%20Java/automation_workspace/EmployeeManagementBDD/src/test/resources/feature/Login.feature:15)
]]>
            </full-stacktrace>
          </exception> <!-- io.cucumber.testng.UndefinedStepException -->
          <reporter-output>
          </reporter-output>
        </test-method> <!-- runScenario -->
        <test-method is-config="true" signature="tearDownClass()[pri:0, instance:com.eq.runner.RunnerTest@7c6908d7]" started-at="2025-06-26T09:21:08 IST" name="tearDownClass" finished-at="2025-06-26T09:21:08 IST" duration-ms="5" status="PASS">
          <reporter-output>
          </reporter-output>
        </test-method> <!-- tearDownClass -->
      </class> <!-- com.eq.runner.RunnerTest -->
    </test> <!-- Default test -->
  </suite> <!-- Default suite -->
</testng-results>
