<?xml version="1.0" encoding="UTF-8"?>
<testng-results ignored="0" total="1" passed="1" failed="0" skipped="0">
  <reporter-output>
  </reporter-output>
  <suite started-at="2025-06-27T10:11:39 IST" name="Default suite" finished-at="2025-06-27T10:14:43 IST" duration-ms="183674">
    <groups>
      <group name="cucumber">
        <method signature="AbstractTestNGCucumberTests.runScenario(io.cucumber.testng.PickleWrapper,io.cucumber.testng.FeatureWrapper)[pri:0, instance:com.eq.runner.RunnerTest@4b2bac3f]" name="runScenario" class="io.cucumber.testng.AbstractTestNGCucumberTests"/>
      </group> <!-- cucumber -->
    </groups>
    <test started-at="2025-06-27T10:11:39 IST" name="Default test" finished-at="2025-06-27T10:14:43 IST" duration-ms="183674">
      <class name="com.eq.runner.RunnerTest">
        <test-method is-config="true" signature="setUpClass(org.testng.ITestContext)[pri:0, instance:com.eq.runner.RunnerTest@4b2bac3f]" started-at="2025-06-27T10:11:39 IST" name="setUpClass" finished-at="2025-06-27T10:11:42 IST" duration-ms="2709" status="PASS">
          <params>
            <param index="0">
              <value>
                <![CDATA[org.testng.TestRunner@213c3543]]>
              </value>
            </param>
          </params>
          <reporter-output>
          </reporter-output>
        </test-method> <!-- setUpClass -->
        <test-method signature="runScenario(io.cucumber.testng.PickleWrapper,io.cucumber.testng.FeatureWrapper)[pri:0, instance:com.eq.runner.RunnerTest@4b2bac3f]" started-at="2025-06-27T10:11:42 IST" name="runScenario" description="Runs Cucumber Scenarios" data-provider="scenarios" finished-at="2025-06-27T10:14:42 IST" duration-ms="180228" status="PASS">
          <params>
            <param index="0">
              <value>
                <![CDATA["Add Valid Employee"]]>
              </value>
            </param>
            <param index="1">
              <value>
                <![CDATA["Employee"]]>
              </value>
            </param>
          </params>
          <reporter-output>
          </reporter-output>
        </test-method> <!-- runScenario -->
        <test-method is-config="true" signature="tearDownClass()[pri:0, instance:com.eq.runner.RunnerTest@4b2bac3f]" started-at="2025-06-27T10:14:43 IST" name="tearDownClass" finished-at="2025-06-27T10:14:43 IST" duration-ms="268" status="PASS">
          <reporter-output>
          </reporter-output>
        </test-method> <!-- tearDownClass -->
      </class> <!-- com.eq.runner.RunnerTest -->
    </test> <!-- Default test -->
  </suite> <!-- Default suite -->
</testng-results>
